[peepoLickBowserFeet] https://files.catbox.moe/usg705.mp3
  HTTP 404

[NOW] https://files.catbox.moe/nyx7w5.mp3
  HTTP 404

[plonk] https://files.catbox.moe/eovao2.mp3
  HTTP 404

[HUZZAH] https://files.catbox.moe/cah6ey.mp3
  HTTP 404

[Gayge] https://files.catbox.moe/1cfvt7.mp3
  HTTP 404

[kok] https://files.catbox.moe/9xapz4.mp3
  HTTP 404

[CHICKENJOCKEY] https://files.catbox.moe/n6vn8i.mp3
  HTTP 404

[tiger] https://files.catbox.moe/ilc98g.mp3
  HTTP 404

[EXPLOSION] https://files.catbox.moe/gv4i2v.mp3
  HTTP 404

[spotify] https://files.catbox.moe/nf4svi.mp3
  HTTP 404

[littlemiriHuh] https://files.catbox.moe/c3z52q.mp3
  HTTP 404

[SEGS] https://files.catbox.moe/txbgtx.mp3
  HTTP 404

[WHAT] https://files.catbox.moe/5ansvk.mp3
  HTTP 404

[littlemiriAngry] https://files.catbox.moe/ylt0sw.mp3
  HTTP 404

[NODDERS] https://files.catbox.moe/tdfydh.mp3
  HTTP 404

[SNIFFA] https://files.catbox.moe/ijeo8a.mp3
  HTTP 404

[littlemiriIamcute] https://files.catbox.moe/7r28ar.mp3
  HTTP 404

[littlemiriLurk] https://files.catbox.moe/q7fik1.mp3
  HTTP 404

[littlemiriAwoo] https://files.catbox.moe/jfuzzj.mp3
  HTTP 404

[GAMING] https://files.catbox.moe/qg8fxr.mp3
  HTTP 404

[KEKW] https://files.catbox.moe/cspyp2.mp3
  HTTP 404

[littlemiriLul] https://files.catbox.moe/xcdvyh.mp3
  HTTP 404

[om] https://files.catbox.moe/3danfm.mp3
  HTTP 404

[catScream] https://files.catbox.moe/cjo0lk.mp3
  HTTP 404

[muted] https://files.catbox.moe/t1vuk7.mp3
  HTTP 404

[Kissahomie] https://files.catbox.moe/bby69o.mp3
  HTTP 404

[BOOBA] https://files.catbox.moe/c8h0u3.mp3
  HTTP 404

[NOOOO] https://files.catbox.moe/7hxa9q.mp3
  HTTP 404

[HmmmKay] https://files.catbox.moe/x0w066.mp3
  HTTP 404

[Hmm] https://files.catbox.moe/1ripcj.mp3
  HTTP 404

[Madge] https://files.catbox.moe/zi2d19.mp3
  HTTP 404

[Madgeclap] https://files.catbox.moe/l4e9g5.mp3
  HTTP 404

[VeryBased] https://files.catbox.moe/qnv4pc.mp3
  HTTP 404

[CatEatingCorn] https://files.catbox.moe/qbtarv.mp3
  HTTP 404

[Tssk] https://files.catbox.moe/g7m98e.mp3
  HTTP 404

[MODS] https://files.catbox.moe/i194y2.mp3
  HTTP 404

[truthmeter] https://files.catbox.moe/hx89c9.mp3
  HTTP 404

[TheVoices] https://files.catbox.moe/22n7oq.mp3
  HTTP 404

[vibeCheck] https://files.catbox.moe/8j4n8x.mp3
  HTTP 404

[CAUGHT] https://files.catbox.moe/6m7r5u.mp3
  HTTP 404

[BIGMONEY] https://files.catbox.moe/8na1on.mp3
  HTTP 404

[ITALIAN] https://files.catbox.moe/po6h4h.mp3
  HTTP 404

[NOPERS] https://files.catbox.moe/7r4mbf.mp3
  HTTP 404

[pausecham] https://files.catbox.moe/0xxeub.mp3
  HTTP 404